{"level":"info","message":"Server running on http://localhost:5001","timestamp":"2026-02-17T12:38:18.596Z"}
{"intervalMs":10000,"level":"info","message":"mail_ticket_job_started","timestamp":"2026-02-17T12:38:18.602Z"}
{"level":"info","message":"Server running on http://localhost:5000","timestamp":"2026-02-17T12:50:35.113Z"}
{"intervalMs":10000,"level":"info","message":"mail_ticket_job_started","timestamp":"2026-02-17T12:50:35.117Z"}
{"level":"info","message":"Server running on http://localhost:5000","timestamp":"2026-02-17T13:01:27.944Z"}
{"intervalMs":10000,"level":"info","message":"mail_ticket_job_started","timestamp":"2026-02-17T13:01:27.948Z"}
{"action":"create_sla","entity":"sla","entityId":3,"level":"info","message":"audit","meta":{"name":"Critical SLA"},"timestamp":"2026-02-17T13:06:44.291Z","user":5}
{"action":"create_sla","entity":"sla","entityId":4,"level":"info","message":"audit","meta":{"name":"High SLA"},"timestamp":"2026-02-17T13:06:47.453Z","user":5}
{"action":"delete_sla","entity":"sla","entityId":4,"level":"info","message":"audit","meta":{"name":"High SLA"},"timestamp":"2026-02-17T13:10:16.508Z","user":5}
{"action":"delete_sla","entity":"sla","entityId":3,"level":"info","message":"audit","meta":{"name":"Critical SLA"},"timestamp":"2026-02-17T13:10:19.030Z","user":5}
{"action":"delete_sla","entity":"sla","entityId":2,"level":"info","message":"audit","meta":{"name":"Default SLA"},"timestamp":"2026-02-17T13:10:21.319Z","user":5}
{"action":"delete_sla","entity":"sla","entityId":1,"level":"info","message":"audit","meta":{"name":"Default SLA"},"timestamp":"2026-02-17T13:10:23.512Z","user":5}
{"action":"update_ticket","level":"info","message":"audit","meta":{"changes":{"assigneeId":5}},"ticketId":"TB#00014","timestamp":"2026-02-17T13:10:40.851Z","user":5}
{"action":"update_ticket","level":"info","message":"audit","meta":{"changes":{"assigneeId":5}},"ticketId":"TB#00014","timestamp":"2026-02-17T13:10:44.036Z","user":5}
{"action":"respond","level":"info","message":"audit","meta":{"attachmentIds":[],"message":"Thank you raising"},"ticketId":"TB#00014","timestamp":"2026-02-17T13:10:58.789Z","user":5}
{"action":"transition","level":"info","message":"audit","meta":{"from":"New","to":"In Progress"},"ticketId":"TB#00014","timestamp":"2026-02-17T13:11:02.825Z","user":5}
{"action":"respond","level":"info","message":"audit","meta":{"attachmentIds":[],"message":"Thank you raising"},"ticketId":"TB#00014","timestamp":"2026-02-17T13:11:05.020Z","user":5}
{"action":"respond","level":"info","message":"audit","meta":{"attachmentIds":[],"message":"Thank you raising"},"ticketId":"TB#00014","timestamp":"2026-02-17T13:11:07.837Z","user":5}
{"action":"respond","level":"info","message":"audit","meta":{"attachmentIds":[],"message":"Inbound email reply received.\nMailbox: girikumaran@trustybytes.in\nFrom: girikumaran@trustybytes.in\nSubject: [ITSM] Ticket status updated: TB#00014\nMessage-Id: <291e0c14-07f9-156d-c01c-a41bc90741b4@trustybytes.in>\nDate: Tue, 17 Feb 2026 13:11:06 +0000"},"ticketId":"TB#00014","timestamp":"2026-02-17T13:11:10.451Z","user":"mail_ingest"}
{"from":"girikumaran@trustybytes.in","level":"info","mailbox":"INBOX","message":"mail_ticket_updated","subject":"[ITSM] Ticket status updated: TB#00014","ticketId":"TB#00014","timestamp":"2026-02-17T13:11:10.943Z","uid":"425"}
{"level":"info","message":"Server running on http://localhost:5000","timestamp":"2026-02-17T13:52:11.052Z"}
{"intervalMs":10000,"level":"info","message":"mail_ticket_job_started","timestamp":"2026-02-17T13:52:11.060Z"}
{"level":"info","message":"Server running on http://localhost:5000","timestamp":"2026-02-17T13:52:29.417Z"}
{"intervalMs":10000,"level":"info","message":"mail_ticket_job_started","timestamp":"2026-02-17T13:52:29.424Z"}
{"level":"info","message":"Server running on http://localhost:5000","timestamp":"2026-02-17T13:52:41.832Z"}
{"intervalMs":10000,"level":"info","message":"mail_ticket_job_started","timestamp":"2026-02-17T13:52:41.836Z"}
{"level":"info","message":"Server running on http://localhost:5000","timestamp":"2026-02-17T13:53:03.278Z"}
{"intervalMs":10000,"level":"info","message":"mail_ticket_job_started","timestamp":"2026-02-17T13:53:03.290Z"}
{"level":"info","message":"Server running on http://localhost:5000","timestamp":"2026-02-17T13:53:15.546Z"}
{"intervalMs":10000,"level":"info","message":"mail_ticket_job_started","timestamp":"2026-02-17T13:53:15.552Z"}
{"level":"info","message":"Server running on http://localhost:5000","timestamp":"2026-02-17T13:54:02.920Z"}
{"intervalMs":10000,"level":"info","message":"mail_ticket_job_started","timestamp":"2026-02-17T13:54:02.927Z"}
{"level":"info","message":"Server running on http://localhost:5000","timestamp":"2026-02-17T13:57:43.087Z"}
{"intervalMs":10000,"level":"info","message":"mail_ticket_job_started","timestamp":"2026-02-17T13:57:43.107Z"}
{"action":"create_sla","entity":"sla","entityId":5,"level":"info","message":"audit","meta":{"name":"Default"},"timestamp":"2026-02-17T14:09:24.650Z","user":5}
{"action":"create_sla","entity":"sla","entityId":6,"level":"info","message":"audit","meta":{"name":"Default"},"timestamp":"2026-02-17T14:09:24.904Z","user":5}
{"action":"create_sla","entity":"sla","entityId":7,"level":"info","message":"audit","meta":{"name":"Default"},"timestamp":"2026-02-17T14:09:24.983Z","user":5}
{"action":"create_sla","entity":"sla","entityId":8,"level":"info","message":"audit","meta":{"name":"Default"},"timestamp":"2026-02-17T14:09:25.239Z","user":5}
{"action":"update_user","entity":"user","entityId":5,"level":"info","message":"audit","timestamp":"2026-02-17T14:32:37.553Z","user":5}
{"action":"update_ticket","level":"info","message":"audit","meta":{"changes":{"priority":"Low"}},"ticketId":"TB#00011","timestamp":"2026-02-17T14:35:11.591Z","user":5}
{"action":"update_ticket","level":"info","message":"audit","meta":{"changes":{"priority":"Medium"}},"ticketId":"TB#00011","timestamp":"2026-02-17T14:37:01.375Z","user":5}
{"action":"update_ticket","level":"info","message":"audit","meta":{"changes":{"priority":"Low"}},"ticketId":"TB#00011","timestamp":"2026-02-17T14:37:04.917Z","user":5}
{"action":"create_sla","entity":"sla","entityId":9,"level":"info","message":"audit","meta":{"name":"TrustyBytes"},"timestamp":"2026-02-17T14:39:56.489Z","user":5}
{"action":"create_sla","entity":"sla","entityId":10,"level":"info","message":"audit","meta":{"name":"TrustyBytes"},"timestamp":"2026-02-17T14:39:56.723Z","user":5}
{"action":"create_sla","entity":"sla","entityId":11,"level":"info","message":"audit","meta":{"name":"TrustyBytes"},"timestamp":"2026-02-17T14:39:56.804Z","user":5}
{"action":"create_sla","entity":"sla","entityId":12,"level":"info","message":"audit","meta":{"name":"TrustyBytes"},"timestamp":"2026-02-17T14:39:57.068Z","user":5}
